<?xml version="1.0" encoding="UTF-8"?>
<!-- Generated by org.testng.reporters.JUnitXMLReporter -->
<testsuite hostname="DESKTOP-E69K95O" name="Progressive Test Suites" tests="5" failures="1" timestamp="15 Dec 2019 19:32:52 GMT" time="29.488" errors="0">
  <testcase name="validateTitle" time="0.021" classname="com.progressive.Tests.validateHomePage"/>
  <testcase name="validateURL" time="0.007" classname="com.progressive.Tests.validateHomePage"/>
  <testcase name="validateInsuranceOptionsAuto" time="0.086" classname="com.progressive.Tests.validateInsOptions"/>
  <testcase name="validateInsuranceOptionsHome" time="0.05" classname="com.progressive.Tests.validateInsOptions"/>
  <testcase name="validateRVSignUpFlow" time="0.332" classname="com.progressive.Tests.validateRV">
    <failure type="java.lang.AssertionError" message="expected [Progressive: Ranked One Of The Best Insurance Companies | Progressive ins] but found [Progressive: Ranked One Of The Best Insurance Companies | Progressive]">
      <![CDATA[java.lang.AssertionError: expected [Progressive: Ranked One Of The Best Insurance Companies | Progressive ins] but found [Progressive: Ranked One Of The Best Insurance Companies | Progressive]
	at com.progressive.Tests.validateRV.validateRVSignUpFlow(validateRV.java:66)
... Removed 29 stack frames]]>
    </failure>
  </testcase> <!-- validateRVSignUpFlow -->
</testsuite> <!-- Progressive Test Suites -->
